{
  "RSpec": {
    "coverage": {
      "/home/yuhsuan/SOA/SOA_APP/require_app.rb": {
        "lines": [
          null,
          null,
          null,
          null,
          null,
          null,
          null,
          null,
          1,
          5,
          1,
          null,
          1,
          1,
          null,
          null
        ]
      },
      "/home/yuhsuan/SOA/SOA_APP/config/environment.rb": {
        "lines": [
          null,
          null,
          1,
          1,
          1,
          0,
          null,
          0,
          0,
          0,
          null,
          null,
          0,
          null,
          null,
          null,
          0,
          0,
          null,
          0,
          null,
          null,
          0,
          0,
          null,
          0,
          0,
          null,
          null,
          null
        ]
      }
    },
    "timestamp": 1670768824
  }
}
